
kernel8.elf:     file format elf64-littleaarch64


Disassembly of section .text:

0000000000080000 <_start>:
.section ".init"

_start:
    mrs   x1, mpidr_el1
   80000:	d53800a1 	mrs	x1, mpidr_el1
    and   x1, x1, #3
   80004:	92400421 	and	x1, x1, #0x3
    cbnz  x1, cpu_x
   80008:	b5000081 	cbnz	x1, 80018 <cpu_x>

000000000008000c <cpu_0>:

cpu_0:
    ldr  x2, =_start + 0x400
   8000c:	580000a2 	ldr	x2, 80020 <cpu_x+0x8>
    mov  sp, x2     
   80010:	9100005f 	mov	sp, x2
    b  main
   80014:	14000005 	b	80028 <main>

0000000000080018 <cpu_x>:

cpu_x:
    wfe
   80018:	d503205f 	wfe
   8001c:	17ffffff 	b	80018 <cpu_x>
   80020:	00080400 	.inst	0x00080400 ; undefined
   80024:	00000000 	udf	#0

0000000000080028 <main>:
void led_on(void);
void led_off(void);
void delay(unsigned int count);

void main(void) 
{
   80028:	a9bf7bfd 	stp	x29, x30, [sp, #-16]!
   8002c:	910003fd 	mov	x29, sp
    uart_init();
   80030:	9400001b 	bl	8009c <uart_init>
    gpio_init();
   80034:	94000045 	bl	80148 <gpio_init>
    uart_puts("Welcome to PyjamaCafe!\r\n");
   80038:	90000000 	adrp	x0, 80000 <_start>
   8003c:	910a0000 	add	x0, x0, #0x280
   80040:	94000072 	bl	80208 <uart_puts>
    uart_puts("Hello from Pi 3 B+ Aarch64 Bare Metal!\r\n");
   80044:	90000000 	adrp	x0, 80000 <_start>
   80048:	910a8000 	add	x0, x0, #0x2a0
   8004c:	9400006f 	bl	80208 <uart_puts>
    uart_puts("Starting LED blink on GPIO13...\r\n");
   80050:	90000000 	adrp	x0, 80000 <_start>
   80054:	910b4000 	add	x0, x0, #0x2d0
   80058:	9400006c 	bl	80208 <uart_puts>
    
    while(1)
    {
        led_on();
   8005c:	9400004f 	bl	80198 <led_on>
        uart_puts("LED ON\r\n");
   80060:	90000000 	adrp	x0, 80000 <_start>
   80064:	910be000 	add	x0, x0, #0x2f8
   80068:	94000068 	bl	80208 <uart_puts>
        delay(500000);
   8006c:	52942400 	mov	w0, #0xa120                	// #41248
   80070:	72a000e0 	movk	w0, #0x7, lsl #16
   80074:	94000076 	bl	8024c <delay>
        
        led_off();
   80078:	9400004e 	bl	801b0 <led_off>
        uart_puts("LED OFF\r\n");
   8007c:	90000000 	adrp	x0, 80000 <_start>
   80080:	910c2000 	add	x0, x0, #0x308
   80084:	94000061 	bl	80208 <uart_puts>
        delay(500000);
   80088:	52942400 	mov	w0, #0xa120                	// #41248
   8008c:	72a000e0 	movk	w0, #0x7, lsl #16
   80090:	9400006f 	bl	8024c <delay>
        led_on();
   80094:	d503201f 	nop
   80098:	17fffff1 	b	8005c <main+0x34>

000000000008009c <uart_init>:
    }
}

void uart_init(void) 
{
   8009c:	d10043ff 	sub	sp, sp, #0x10
    UART0_CR = 0;
   800a0:	d2820600 	mov	x0, #0x1030                	// #4144
   800a4:	f2a7e400 	movk	x0, #0x3f20, lsl #16
   800a8:	b900001f 	str	wzr, [x0]
    
    unsigned int r = GPFSEL1;
   800ac:	d2800080 	mov	x0, #0x4                   	// #4
   800b0:	f2a7e400 	movk	x0, #0x3f20, lsl #16
   800b4:	b9400000 	ldr	w0, [x0]
   800b8:	b9000fe0 	str	w0, [sp, #12]
    r &= ~((7 << 12) | (7 << 15)); 
   800bc:	b9400fe0 	ldr	w0, [sp, #12]
   800c0:	120e6400 	and	w0, w0, #0xfffc0fff
   800c4:	b9000fe0 	str	w0, [sp, #12]
    r |= (4 << 12) | (4 << 15);    // Set GPIO 14/15 to ALT0 for UART
   800c8:	b9400fe1 	ldr	w1, [sp, #12]
   800cc:	52880000 	mov	w0, #0x4000                	// #16384
   800d0:	72a00040 	movk	w0, #0x2, lsl #16
   800d4:	2a000020 	orr	w0, w1, w0
   800d8:	b9000fe0 	str	w0, [sp, #12]
    GPFSEL1 = r;
   800dc:	d2800080 	mov	x0, #0x4                   	// #4
   800e0:	f2a7e400 	movk	x0, #0x3f20, lsl #16
   800e4:	b9400fe1 	ldr	w1, [sp, #12]
   800e8:	b9000001 	str	w1, [x0]
    
    UART0_ICR = 0x7F0;
   800ec:	d2820880 	mov	x0, #0x1044                	// #4164
   800f0:	f2a7e400 	movk	x0, #0x3f20, lsl #16
   800f4:	5280fe01 	mov	w1, #0x7f0                 	// #2032
   800f8:	b9000001 	str	w1, [x0]
    UART0_IBRD = 26;               // 115200 baud @ 48MHz
   800fc:	d2820480 	mov	x0, #0x1024                	// #4132
   80100:	f2a7e400 	movk	x0, #0x3f20, lsl #16
   80104:	52800341 	mov	w1, #0x1a                  	// #26
   80108:	b9000001 	str	w1, [x0]
    UART0_FBRD = 3;
   8010c:	d2820500 	mov	x0, #0x1028                	// #4136
   80110:	f2a7e400 	movk	x0, #0x3f20, lsl #16
   80114:	52800061 	mov	w1, #0x3                   	// #3
   80118:	b9000001 	str	w1, [x0]
    UART0_LCRH = 0x70; 
   8011c:	d2820580 	mov	x0, #0x102c                	// #4140
   80120:	f2a7e400 	movk	x0, #0x3f20, lsl #16
   80124:	52800e01 	mov	w1, #0x70                  	// #112
   80128:	b9000001 	str	w1, [x0]
    UART0_CR = 0x301; 
   8012c:	d2820600 	mov	x0, #0x1030                	// #4144
   80130:	f2a7e400 	movk	x0, #0x3f20, lsl #16
   80134:	52806021 	mov	w1, #0x301                 	// #769
   80138:	b9000001 	str	w1, [x0]
}
   8013c:	d503201f 	nop
   80140:	910043ff 	add	sp, sp, #0x10
   80144:	d65f03c0 	ret

0000000000080148 <gpio_init>:

void gpio_init(void)
{
   80148:	a9be7bfd 	stp	x29, x30, [sp, #-32]!
   8014c:	910003fd 	mov	x29, sp
    unsigned int r = GPFSEL1;
   80150:	d2800080 	mov	x0, #0x4                   	// #4
   80154:	f2a7e400 	movk	x0, #0x3f20, lsl #16
   80158:	b9400000 	ldr	w0, [x0]
   8015c:	b9001fe0 	str	w0, [sp, #28]
    
    // GPIO13 is in GPFSEL1 register
    // GPIO13 uses bits [11:9] (3 bits per pin)
    // Pin offset in GPFSEL1: 13 - 10 = 3, so bits [9:11]
    r &= ~(7 << 9);     // Clear bits 9-11 (clear GPIO13 function)
   80160:	b9401fe0 	ldr	w0, [sp, #28]
   80164:	12147000 	and	w0, w0, #0xfffff1ff
   80168:	b9001fe0 	str	w0, [sp, #28]
    r |= (1 << 9);      // Set to 001 = Output
   8016c:	b9401fe0 	ldr	w0, [sp, #28]
   80170:	32170000 	orr	w0, w0, #0x200
   80174:	b9001fe0 	str	w0, [sp, #28]
    
    GPFSEL1 = r;
   80178:	d2800080 	mov	x0, #0x4                   	// #4
   8017c:	f2a7e400 	movk	x0, #0x3f20, lsl #16
   80180:	b9401fe1 	ldr	w1, [sp, #28]
   80184:	b9000001 	str	w1, [x0]
    
    // Ensure LED starts OFF
    led_off();
   80188:	9400000a 	bl	801b0 <led_off>
}
   8018c:	d503201f 	nop
   80190:	a8c27bfd 	ldp	x29, x30, [sp], #32
   80194:	d65f03c0 	ret

0000000000080198 <led_on>:

void led_on(void)
{
    GPSET0 = (1 << LED_PIN);    // Set GPIO13 high
   80198:	d2800380 	mov	x0, #0x1c                  	// #28
   8019c:	f2a7e400 	movk	x0, #0x3f20, lsl #16
   801a0:	52840001 	mov	w1, #0x2000                	// #8192
   801a4:	b9000001 	str	w1, [x0]
}
   801a8:	d503201f 	nop
   801ac:	d65f03c0 	ret

00000000000801b0 <led_off>:

void led_off(void)
{
    GPCLR0 = (1 << LED_PIN);    // Clear GPIO13 low
   801b0:	d2800500 	mov	x0, #0x28                  	// #40
   801b4:	f2a7e400 	movk	x0, #0x3f20, lsl #16
   801b8:	52840001 	mov	w1, #0x2000                	// #8192
   801bc:	b9000001 	str	w1, [x0]
}
   801c0:	d503201f 	nop
   801c4:	d65f03c0 	ret

00000000000801c8 <uart_putc>:

void uart_putc(unsigned char c) 
{
   801c8:	d10043ff 	sub	sp, sp, #0x10
   801cc:	39003fe0 	strb	w0, [sp, #15]
    while(UART0_FR & (1 << 5)); 
   801d0:	d503201f 	nop
   801d4:	d2820300 	mov	x0, #0x1018                	// #4120
   801d8:	f2a7e400 	movk	x0, #0x3f20, lsl #16
   801dc:	b9400000 	ldr	w0, [x0]
   801e0:	121b0000 	and	w0, w0, #0x20
   801e4:	7100001f 	cmp	w0, #0x0
   801e8:	54ffff61 	b.ne	801d4 <uart_putc+0xc>  // b.any
    UART0_DR = c;
   801ec:	d2820000 	mov	x0, #0x1000                	// #4096
   801f0:	f2a7e400 	movk	x0, #0x3f20, lsl #16
   801f4:	39403fe1 	ldrb	w1, [sp, #15]
   801f8:	b9000001 	str	w1, [x0]
}
   801fc:	d503201f 	nop
   80200:	910043ff 	add	sp, sp, #0x10
   80204:	d65f03c0 	ret

0000000000080208 <uart_puts>:

void uart_puts(char *s) 
{
   80208:	a9be7bfd 	stp	x29, x30, [sp, #-32]!
   8020c:	910003fd 	mov	x29, sp
   80210:	f9000fe0 	str	x0, [sp, #24]
    while(*s)
   80214:	14000006 	b	8022c <uart_puts+0x24>
    {   
        uart_putc(*s++);
   80218:	f9400fe0 	ldr	x0, [sp, #24]
   8021c:	91000401 	add	x1, x0, #0x1
   80220:	f9000fe1 	str	x1, [sp, #24]
   80224:	39400000 	ldrb	w0, [x0]
   80228:	97ffffe8 	bl	801c8 <uart_putc>
    while(*s)
   8022c:	f9400fe0 	ldr	x0, [sp, #24]
   80230:	39400000 	ldrb	w0, [x0]
   80234:	7100001f 	cmp	w0, #0x0
   80238:	54ffff01 	b.ne	80218 <uart_puts+0x10>  // b.any
    }
}
   8023c:	d503201f 	nop
   80240:	d503201f 	nop
   80244:	a8c27bfd 	ldp	x29, x30, [sp], #32
   80248:	d65f03c0 	ret

000000000008024c <delay>:

void delay(unsigned int count)
{
   8024c:	d10043ff 	sub	sp, sp, #0x10
   80250:	b9000fe0 	str	w0, [sp, #12]
    while(count--)
   80254:	14000002 	b	8025c <delay+0x10>
    {
        asm volatile("nop");
   80258:	d503201f 	nop
    while(count--)
   8025c:	b9400fe0 	ldr	w0, [sp, #12]
   80260:	51000401 	sub	w1, w0, #0x1
   80264:	b9000fe1 	str	w1, [sp, #12]
   80268:	7100001f 	cmp	w0, #0x0
   8026c:	54ffff61 	b.ne	80258 <delay+0xc>  // b.any
    }
   80270:	d503201f 	nop
   80274:	d503201f 	nop
   80278:	910043ff 	add	sp, sp, #0x10
   8027c:	d65f03c0 	ret

Disassembly of section .rodata:

0000000000080280 <.rodata>:
   80280:	636c6557 	.inst	0x636c6557 ; undefined
   80284:	20656d6f 	.inst	0x20656d6f ; undefined
   80288:	50206f74 	adr	x20, c1076 <delay+0x40e2a>
   8028c:	6d616a79 	ldp	d25, d26, [x19, #-496]
   80290:	66614361 	.inst	0x66614361 ; undefined
   80294:	0a0d2165 	and	w5, w11, w13, lsl #8
	...
   802a0:	6c6c6548 	ldnp	d8, d25, [x10, #-320]
   802a4:	7266206f 	.inst	0x7266206f ; undefined
   802a8:	50206d6f 	adr	x15, c1056 <delay+0x40e0a>
   802ac:	20332069 	.inst	0x20332069 ; undefined
   802b0:	41202b42 	.inst	0x41202b42 ; undefined
   802b4:	68637261 	.inst	0x68637261 ; undefined
   802b8:	42203436 	.inst	0x42203436 ; undefined
   802bc:	20657261 	.inst	0x20657261 ; undefined
   802c0:	6174654d 	.inst	0x6174654d ; undefined
   802c4:	0a0d216c 	and	w12, w11, w13, lsl #8
	...
   802d0:	72617453 	.inst	0x72617453 ; undefined
   802d4:	676e6974 	.inst	0x676e6974 ; undefined
   802d8:	44454c20 	umlalt	z0.h, z1.b, z5.b
   802dc:	696c6220 	ldpsw	x0, x24, [x17, #-160]
   802e0:	6f206b6e 	.inst	0x6f206b6e ; undefined
   802e4:	5047206e 	adr	x14, 10e6f2 <delay+0x8e4a6>
   802e8:	33314f49 	.inst	0x33314f49 ; undefined
   802ec:	0d2e2e2e 	.inst	0x0d2e2e2e ; undefined
   802f0:	0000000a 	udf	#10
   802f4:	00000000 	udf	#0
   802f8:	2044454c 	.inst	0x2044454c ; undefined
   802fc:	0a0d4e4f 	and	w15, w18, w13, lsl #19
	...
   80308:	2044454c 	.inst	0x2044454c ; undefined
   8030c:	0d46464f 	.inst	0x0d46464f ; undefined
   80310:	Address 0x80310 is out of bounds.


Disassembly of section .eh_frame:

0000000000080318 <.eh_frame>:
   80318:	00000010 	udf	#16
   8031c:	00000000 	udf	#0
   80320:	00527a01 	.inst	0x00527a01 ; undefined
   80324:	011e7804 	.inst	0x011e7804 ; undefined
   80328:	001f0c1b 	.inst	0x001f0c1b ; undefined
   8032c:	00000014 	udf	#20
   80330:	00000018 	udf	#24
   80334:	fffffcf4 	.inst	0xfffffcf4 ; undefined
   80338:	00000074 	udf	#116
   8033c:	100e4100 	adr	x0, 9cb5c <delay+0x1c910>
   80340:	019e029d 	.inst	0x019e029d ; undefined
   80344:	00000014 	udf	#20
   80348:	00000030 	udf	#48
   8034c:	fffffd50 	.inst	0xfffffd50 ; undefined
   80350:	000000ac 	udf	#172
   80354:	100e4100 	adr	x0, 9cb74 <delay+0x1c928>
   80358:	00000e69 	udf	#3689
   8035c:	0000001c 	udf	#28
   80360:	00000048 	udf	#72
   80364:	fffffde4 	.inst	0xfffffde4 ; undefined
   80368:	00000050 	udf	#80
   8036c:	200e4100 	.inst	0x200e4100 ; undefined
   80370:	039e049d 	.inst	0x039e049d ; undefined
   80374:	0eddde52 	.inst	0x0eddde52 ; undefined
   80378:	00000000 	udf	#0
   8037c:	00000010 	udf	#16
   80380:	00000068 	udf	#104
   80384:	fffffe14 	.inst	0xfffffe14 ; undefined
   80388:	00000018 	udf	#24
   8038c:	00000000 	udf	#0
   80390:	00000010 	udf	#16
   80394:	0000007c 	udf	#124
   80398:	fffffe18 	.inst	0xfffffe18 ; undefined
   8039c:	00000018 	udf	#24
   803a0:	00000000 	udf	#0
   803a4:	00000014 	udf	#20
   803a8:	00000090 	udf	#144
   803ac:	fffffe1c 	.inst	0xfffffe1c ; undefined
   803b0:	00000040 	udf	#64
   803b4:	100e4100 	adr	x0, 9cbd4 <delay+0x1c988>
   803b8:	00000e4e 	udf	#3662
   803bc:	0000001c 	udf	#28
   803c0:	000000a8 	udf	#168
   803c4:	fffffe44 	.inst	0xfffffe44 ; undefined
   803c8:	00000044 	udf	#68
   803cc:	200e4100 	.inst	0x200e4100 ; undefined
   803d0:	039e049d 	.inst	0x039e049d ; undefined
   803d4:	0eddde4f 	.inst	0x0eddde4f ; undefined
   803d8:	00000000 	udf	#0
   803dc:	00000014 	udf	#20
   803e0:	000000c8 	udf	#200
   803e4:	fffffe68 	.inst	0xfffffe68 ; undefined
   803e8:	00000034 	udf	#52
   803ec:	100e4100 	adr	x0, 9cc0c <delay+0x1c9c0>
   803f0:	00000e4b 	udf	#3659

Disassembly of section .debug_line:

0000000000000000 <.debug_line>:
   0:	0000004a 	udf	#74
   4:	00080005 	.inst	0x00080005 ; undefined
   8:	0000002a 	udf	#42
   c:	fb010104 	.inst	0xfb010104 ; undefined
  10:	01000d0e 	.inst	0x01000d0e ; undefined
  14:	00010101 	.inst	0x00010101 ; undefined
  18:	00010000 	.inst	0x00010000 ; undefined
  1c:	01010100 	.inst	0x01010100 ; undefined
  20:	0000011f 	udf	#287
  24:	01020000 	.inst	0x01020000 ; undefined
  28:	020f021f 	.inst	0x020f021f ; undefined
  2c:	00000027 	udf	#39
  30:	00002700 	udf	#9984
  34:	09000000 	.inst	0x09000000 ; undefined
  38:	08000002 	stxrb	w0, w2, [x0]
  3c:	00000000 	udf	#0
  40:	21211500 	.inst	0x21211500 ; undefined
  44:	23212123 	.inst	0x23212123 ; undefined
  48:	00030221 	.inst	0x00030221 ; undefined
  4c:	01060101 	.inst	0x01060101 ; undefined
  50:	00050000 	.inst	0x00050000 ; undefined
  54:	002a0008 	.inst	0x002a0008 ; undefined
  58:	01040000 	.inst	0x01040000 ; undefined
  5c:	0d0efb01 	.inst	0x0d0efb01 ; undefined
  60:	01010100 	.inst	0x01010100 ; undefined
  64:	00000001 	udf	#1
  68:	01000001 	.inst	0x01000001 ; undefined
  6c:	011f0101 	.inst	0x011f0101 ; undefined
  70:	00000000 	udf	#0
  74:	021f0102 	.inst	0x021f0102 ; undefined
  78:	002f020f 	.inst	0x002f020f ; undefined
  7c:	2f000000 	.inst	0x2f000000 ; undefined
  80:	00000000 	udf	#0
  84:	09000105 	.inst	0x09000105 ; undefined
  88:	08002802 	stxrb	w0, w2, [x0]
  8c:	00000000 	udf	#0
  90:	01210300 	.inst	0x01210300 ; undefined
  94:	212f0505 	.inst	0x212f0505 ; undefined
  98:	053d3d21 	.inst	0x053d3d21 ; undefined
  9c:	3d214009 	str	b9, [x0, #2128]
  a0:	0200213e 	.inst	0x0200213e ; undefined
  a4:	033d0204 	.inst	0x033d0204 ; undefined
  a8:	01053c7a 	.inst	0x01053c7a ; undefined
  ac:	052e0b03 	ext	z3.b, z3.b, z24.b, #114
  b0:	0e052105 	tbl	v5.8b, {v8.16b-v9.16b}, v5.8b
  b4:	2216052e 	.inst	0x2216052e ; undefined
  b8:	052e1205 	ext	z5.b, z5.b, z16.b, #116
  bc:	053d2f07 	tbx	z7.b, z24.b, z29.b
  c0:	0d055905 	.inst	0x0d055905 ; undefined
  c4:	3005052e 	adr	x14, a169 <_start-0x75e97>
  c8:	052e0f05 	ext	z5.b, z5.b, z24.b, #115
  cc:	10052f05 	adr	x5, a6ac <_start-0x75954>
  d0:	2f05052e 	mvni	v14.2s, #0xa9
  d4:	052e1005 	ext	z5.b, z5.b, z0.b, #116
  d8:	10052f05 	adr	x5, a6b8 <_start-0x75948>
  dc:	2f05052e 	mvni	v14.2s, #0xa9
  e0:	052e0e05 	ext	z5.b, z5.b, z16.b, #115
  e4:	053f2f01 	tbx	z1.b, z24.b, z31.b
  e8:	12052f16 	and	w22, w24, #0xf800007f
  ec:	3307052e 	bfi	w14, w9, #25, #2
  f0:	3e05053d 	.inst	0x3e05053d ; undefined
  f4:	052e0d05 	ext	z5.b, z5.b, z8.b, #115
  f8:	01053105 	.inst	0x01053105 ; undefined
  fc:	05053f21 	.inst	0x05053f21 ; undefined
 100:	2e0c0513 	.inst	0x2e0c0513 ; undefined
 104:	312f0105 	adds	w5, w8, #0xbc0
 108:	05130505 	mov	z5.b, p3/z, #40
 10c:	01052e0c 	.inst	0x01052e0c ; undefined
 110:	0a05312f 	and	w15, w9, w5, lsl #12
 114:	000b052f 	.inst	0x000b052f ; undefined
 118:	20010402 	.inst	0x20010402 ; undefined
 11c:	02001405 	.inst	0x02001405 ; undefined
 120:	053c0104 	ext	z4.b, z4.b, z8.b, #224
 124:	0402000b 	.inst	0x0402000b ; undefined
 128:	05052001 	.inst	0x05052001 ; undefined
 12c:	2e0e052f 	.inst	0x2e0e052f ; undefined
 130:	3f2f0105 	.inst	0x3f2f0105 ; undefined
 134:	053d0a05 	ext	z5.b, z5.b, z16.b, #234
 138:	09052215 	.inst	0x09052215 ; undefined
 13c:	2c0b053c 	stnp	s28, s1, [x9, #88]
 140:	4d4e0105 	.inst	0x4d4e0105 ; undefined
 144:	052f0a05 	ext	z5.b, z5.b, z16.b, #122
 148:	10052209 	adr	x9, a588 <_start-0x75a78>
 14c:	3c0b051e 	str	b30, [x8], #176
 150:	02320105 	.inst	0x02320105 ; undefined
 154:	01010004 	.inst	0x01010004 ; undefined

Disassembly of section .debug_line_str:

0000000000000000 <.debug_line_str>:
   0:	6d6f682f 	ldp	d15, d26, [x1, #-272]
   4:	62762f65 	.inst	0x62762f65 ; undefined
   8:	7375786f 	.inst	0x7375786f ; undefined
   c:	442f7265 	.inst	0x442f7265 ; undefined
  10:	6d75636f 	ldp	d15, d24, [x27, #-176]
  14:	73746e65 	.inst	0x73746e65 ; undefined
  18:	7261612f 	.inst	0x7261612f ; undefined
  1c:	34366863 	cbz	w3, 6cd28 <_start-0x132d8>
  20:	4d52415f 	.inst	0x4d52415f ; undefined
  24:	7300415f 	.inst	0x7300415f ; undefined
  28:	74726174 	.inst	0x74726174 ; undefined
  2c:	6d00532e 	stp	d14, d20, [x25]
  30:	2e6e6961 	.inst	0x2e6e6961 ; undefined
  34:	Address 0x34 is out of bounds.


Disassembly of section .debug_info:

0000000000000000 <.debug_info>:
   0:	00000024 	udf	#36
   4:	08010005 	stxrb	w1, w5, [x0]
   8:	00000000 	udf	#0
   c:	00000001 	udf	#1
  10:	08000000 	stxrb	w0, w0, [x0]
  14:	00000000 	udf	#0
  18:	00002800 	udf	#10240
  1c:	00080000 	.inst	0x00080000 ; undefined
  20:	002f0000 	.inst	0x002f0000 ; undefined
  24:	80010000 	.inst	0x80010000 ; undefined
  28:	00000163 	udf	#355
  2c:	08010005 	stxrb	w1, w5, [x0]
  30:	00000014 	udf	#20
  34:	00004807 	udf	#18439
  38:	47031d00 	.inst	0x47031d00 ; undefined
  3c:	2f000316 	.inst	0x2f000316 ; undefined
  40:	00000000 	udf	#0
  44:	28000000 	stnp	w0, w0, [x0]
  48:	00000800 	udf	#2048
  4c:	58000000 	ldr	x0, 4c <_start-0x7ffb4>
  50:	00000002 	udf	#2
  54:	4e000000 	tbl	v0.16b, {v0.16b}, v0.16b
  58:	01000000 	.inst	0x01000000 ; undefined
  5c:	000000d7 	udf	#215
  60:	08024c6d 	stxrb	w2, w13, [x3]
  64:	00000000 	udf	#0
  68:	00003400 	udf	#13312
  6c:	00000000 	udf	#0
  70:	5f9c0100 	.inst	0x5f9c0100 ; undefined
  74:	08000000 	stxrb	w0, w0, [x0]
  78:	00000106 	udf	#262
  7c:	5f196d01 	.inst	0x5f196d01 ; undefined
  80:	02000000 	.inst	0x02000000 ; undefined
  84:	02007c91 	.inst	0x02007c91 ; undefined
  88:	003b0704 	.inst	0x003b0704 ; undefined
  8c:	23030000 	.inst	0x23030000 ; undefined
  90:	65000001 	bfadd	z1.h, z0.h, z0.h
  94:	00080208 	.inst	0x00080208 ; undefined
  98:	00000000 	udf	#0
  9c:	00000044 	udf	#68
  a0:	00000000 	udf	#0
  a4:	008f9c01 	.inst	0x008f9c01 ; undefined
  a8:	73040000 	.inst	0x73040000 ; undefined
  ac:	8f166500 	.inst	0x8f166500 ; undefined
  b0:	02000000 	.inst	0x02000000 ; undefined
  b4:	09007891 	.inst	0x09007891 ; undefined
  b8:	00009508 	udf	#38152
  bc:	08010200 	stxrb	w1, w0, [x16]
  c0:	00000101 	udf	#257
  c4:	0000e701 	udf	#59137
  c8:	01c85f00 	.inst	0x01c85f00 ; undefined
  cc:	00000008 	udf	#8
  d0:	00400000 	.inst	0x00400000 ; undefined
  d4:	00000000 	udf	#0
  d8:	9c010000 	ldr	q0, 20d8 <_start-0x7df28>
  dc:	000000c5 	udf	#197
  e0:	5f006304 	.inst	0x5f006304 ; undefined
  e4:	0000c51e 	udf	#50462
  e8:	7f910200 	.inst	0x7f910200 ; undefined
  ec:	08010200 	stxrb	w1, w0, [x16]
  f0:	000000f8 	udf	#248
  f4:	00011b05 	.inst	0x00011b05 ; undefined
  f8:	01b05a00 	.inst	0x01b05a00 ; undefined
  fc:	00000008 	udf	#8
 100:	00180000 	.inst	0x00180000 ; undefined
 104:	00000000 	udf	#0
 108:	9c010000 	ldr	q0, 2108 <_start-0x7def8>
 10c:	0000f105 	udf	#61701
 110:	01985500 	.inst	0x01985500 ; undefined
 114:	00000008 	udf	#8
 118:	00180000 	.inst	0x00180000 ; undefined
 11c:	00000000 	udf	#0
 120:	9c010000 	ldr	q0, 2120 <_start-0x7dee0>
 124:	00011103 	.inst	0x00011103 ; undefined
 128:	01484500 	.inst	0x01484500 ; undefined
 12c:	00000008 	udf	#8
 130:	00500000 	.inst	0x00500000 ; undefined
 134:	00000000 	udf	#0
 138:	9c010000 	ldr	q0, 2138 <_start-0x7dec8>
 13c:	00000124 	udf	#292
 140:	47007206 	.inst	0x47007206 ; undefined
 144:	0000005f 	udf	#95
 148:	007c9102 	.inst	0x007c9102 ; undefined
 14c:	0000dd01 	udf	#56577
 150:	009c3500 	.inst	0x009c3500 ; undefined
 154:	00000008 	udf	#8
 158:	00ac0000 	.inst	0x00ac0000 ; undefined
 15c:	00000000 	udf	#0
 160:	9c010000 	ldr	q0, 2160 <_start-0x7dea0>
 164:	0000014c 	udf	#332
 168:	39007206 	strb	w6, [x16, #28]
 16c:	0000005f 	udf	#95
 170:	007c9102 	.inst	0x007c9102 ; undefined
 174:	00010c0a 	.inst	0x00010c0a ; undefined
 178:	06210100 	.inst	0x06210100 ; undefined
 17c:	00080028 	.inst	0x00080028 ; undefined
 180:	00000000 	udf	#0
 184:	00000074 	udf	#116
 188:	00000000 	udf	#0
 18c:	Address 0x18c is out of bounds.


Disassembly of section .debug_abbrev:

0000000000000000 <.debug_abbrev>:
   0:	10001101 	adr	x1, 220 <_start-0x7fde0>
   4:	12011117 	and	w23, w8, #0x8000000f
   8:	1b0e030f 	madd	w15, w24, w14, w0
   c:	130e250e 	sbfiz	w14, w8, #18, #10
  10:	00000005 	udf	#5
  14:	3f012e01 	.inst	0x3f012e01 ; undefined
  18:	3a0e0319 	adcs	w25, w24, w14
  1c:	0b3b0121 	add	w1, w9, w27, uxtb
  20:	27062139 	.inst	0x27062139 ; undefined
  24:	12011119 	and	w25, w8, #0x8000000f
  28:	7a184007 	.inst	0x7a184007 ; undefined
  2c:	00130119 	.inst	0x00130119 ; undefined
  30:	00240200 	.inst	0x00240200 ; undefined
  34:	0b3e0b0b 	add	w11, w24, w30, uxtb #2
  38:	00000e03 	udf	#3587
  3c:	3f012e03 	.inst	0x3f012e03 ; undefined
  40:	3a0e0319 	adcs	w25, w24, w14
  44:	0b3b0121 	add	w1, w9, w27, uxtb
  48:	27062139 	.inst	0x27062139 ; undefined
  4c:	12011119 	and	w25, w8, #0x8000000f
  50:	7c184007 	stur	h7, [x0, #-124]
  54:	00130119 	.inst	0x00130119 ; undefined
  58:	00050400 	.inst	0x00050400 ; undefined
  5c:	213a0803 	.inst	0x213a0803 ; undefined
  60:	390b3b01 	strb	w1, [x24, #718]
  64:	0213490b 	.inst	0x0213490b ; undefined
  68:	05000018 	orr	z24.s, z24.s, #0x1
  6c:	193f002e 	.inst	0x193f002e ; undefined
  70:	213a0e03 	.inst	0x213a0e03 ; undefined
  74:	390b3b01 	strb	w1, [x24, #718]
  78:	19270621 	ldtadd	w7, w1, [x17]
  7c:	07120111 	.inst	0x07120111 ; undefined
  80:	197a1840 	.inst	0x197a1840 ; undefined
  84:	34060000 	cbz	w0, c084 <_start-0x73f7c>
  88:	3a080300 	adcs	w0, w24, w8
  8c:	0b3b0121 	add	w1, w9, w27, uxtb
  90:	49122139 	.inst	0x49122139 ; undefined
  94:	00180213 	.inst	0x00180213 ; undefined
  98:	01110700 	.inst	0x01110700 ; undefined
  9c:	0b130e25 	add	w5, w17, w19, lsl #3
  a0:	910b0190 	add	x16, x12, #0x2c0
  a4:	1f030601 	fmadd	s1, s16, s3, s1
  a8:	01111f1b 	.inst	0x01111f1b ; undefined
  ac:	17100712 	b	fffffffffc401cf4 <delay+0xfffffffffc381aa8>
  b0:	05080000 	.inst	0x05080000 ; undefined
  b4:	3a0e0300 	adcs	w0, w24, w14
  b8:	390b3b0b 	strb	w11, [x24, #718]
  bc:	0213490b 	.inst	0x0213490b ; undefined
  c0:	09000018 	.inst	0x09000018 ; undefined
  c4:	0b0b000f 	add	w15, w0, w11
  c8:	00001349 	udf	#4937
  cc:	3f002e0a 	.inst	0x3f002e0a ; undefined
  d0:	3a0e0319 	adcs	w25, w24, w14
  d4:	390b3b0b 	strb	w11, [x24, #718]
  d8:	1119270b 	add	w11, w24, #0x649
  dc:	40071201 	.inst	0x40071201 ; undefined
  e0:	00197c18 	.inst	0x00197c18 ; undefined
	...

Disassembly of section .debug_aranges:

0000000000000000 <.debug_aranges>:
   0:	0000002c 	udf	#44
   4:	00000002 	udf	#2
   8:	00080000 	.inst	0x00080000 ; undefined
   c:	00000000 	udf	#0
  10:	00080000 	.inst	0x00080000 ; undefined
  14:	00000000 	udf	#0
  18:	00000028 	udf	#40
	...
  30:	0000002c 	udf	#44
  34:	00280002 	.inst	0x00280002 ; undefined
  38:	00080000 	.inst	0x00080000 ; undefined
  3c:	00000000 	udf	#0
  40:	00080028 	.inst	0x00080028 ; undefined
  44:	00000000 	udf	#0
  48:	00000258 	udf	#600
	...

Disassembly of section .debug_str:

0000000000000000 <.debug_str>:
   0:	72617473 	.inst	0x72617473 ; undefined
   4:	00532e74 	.inst	0x00532e74 ; undefined
   8:	6d6f682f 	ldp	d15, d26, [x1, #-272]
   c:	62762f65 	.inst	0x62762f65 ; undefined
  10:	7375786f 	.inst	0x7375786f ; undefined
  14:	442f7265 	.inst	0x442f7265 ; undefined
  18:	6d75636f 	ldp	d15, d24, [x27, #-176]
  1c:	73746e65 	.inst	0x73746e65 ; undefined
  20:	7261612f 	.inst	0x7261612f ; undefined
  24:	34366863 	cbz	w3, 6cd30 <_start-0x132d0>
  28:	4d52415f 	.inst	0x4d52415f ; undefined
  2c:	4700415f 	.inst	0x4700415f ; undefined
  30:	4120554e 	.inst	0x4120554e ; undefined
  34:	2e322053 	usubl	v19.8h, v2.8b, v18.8b
  38:	75003634 	cbgt	w20, #0, fffffffffffffefc <delay+0xfffffffffff7fcb0>
  3c:	6769736e 	.inst	0x6769736e ; undefined
  40:	2064656e 	.inst	0x2064656e ; undefined
  44:	00746e69 	.inst	0x00746e69 ; undefined
  48:	20554e47 	.inst	0x20554e47 ; undefined
  4c:	20333243 	.inst	0x20333243 ; undefined
  50:	322e3531 	orr	w17, w9, #0xfffc0000
  54:	2d20302e 	stp	s14, s12, [x1, #-256]
  58:	74696c6d 	.inst	0x74696c6d ; undefined
  5c:	2d656c74 	ldp	s20, s27, [x3, #-216]
  60:	69646e65 	ldpsw	x5, x27, [x19, #-224]
  64:	2d206e61 	stp	s1, s27, [x19, #-256]
  68:	6962616d 	ldpsw	x13, x24, [x11, #-240]
  6c:	36706c3d 	tbz	w29, #14, df0 <_start-0x7f210>
  70:	672d2034 	.inst	0x672d2034 ; undefined
  74:	66662d20 	.inst	0x66662d20 ; undefined
  78:	73656572 	.inst	0x73656572 ; undefined
  7c:	646e6174 	.inst	0x646e6174 ; undefined
  80:	20676e69 	.inst	0x20676e69 ; undefined
  84:	7361662d 	.inst	0x7361662d ; undefined
  88:	68636e79 	.inst	0x68636e79 ; undefined
  8c:	6f6e6f72 	.inst	0x6f6e6f72 ; undefined
  90:	752d7375 	.inst	0x752d7375 ; undefined
  94:	6e69776e 	uabd	v14.8h, v27.8h, v9.8h
  98:	61742d64 	.inst	0x61742d64 ; undefined
  9c:	73656c62 	.inst	0x73656c62 ; undefined
  a0:	73662d20 	.inst	0x73662d20 ; undefined
  a4:	6b636174 	.inst	0x6b636174 ; undefined
  a8:	616c632d 	.inst	0x616c632d ; undefined
  ac:	702d6873 	adr	x19, 5adbb <_start-0x25245>
  b0:	65746f72 	fnmls	z18.h, p3/m, z27.h, z20.h
  b4:	6f697463 	uqshl	v3.2d, v3.2d, #41
  b8:	662d206e 	.inst	0x662d206e ; undefined
  bc:	6f72657a 	sqshlu	v26.2d, v11.2d, #50
  c0:	696e692d 	ldpsw	x13, x26, [x9, #-144]
  c4:	61702d74 	.inst	0x61702d74 ; undefined
  c8:	6e696464 	umax	v4.8h, v3.8h, v9.8h
  cc:	69622d67 	ldpsw	x7, x11, [x11, #-240]
  d0:	613d7374 	.inst	0x613d7374 ; undefined
  d4:	64006c6c 	.inst	0x64006c6c ; undefined
  d8:	79616c65 	ldrh	w5, [x3, #4278]
  dc:	72617500 	.inst	0x72617500 ; undefined
  e0:	6e695f74 	uqrshl	v20.8h, v27.8h, v9.8h
  e4:	75007469 	.inst	0x75007469 ; undefined
  e8:	5f747261 	sqdmlsl	s1, h19, v4.h[3]
  ec:	63747570 	.inst	0x63747570 ; undefined
  f0:	64656c00 	.inst	0x64656c00 ; undefined
  f4:	006e6f5f 	.inst	0x006e6f5f ; undefined
  f8:	69736e75 	ldpsw	x21, x27, [x19, #-104]
  fc:	64656e67 	.inst	0x64656e67 ; undefined
 100:	61686320 	.inst	0x61686320 ; undefined
 104:	6f630072 	mla	v18.8h, v3.8h, v3.h[2]
 108:	00746e75 	.inst	0x00746e75 ; undefined
 10c:	6e69616d 	rsubhn2	v13.8h, v11.4s, v9.4s
 110:	69706700 	ldpsw	x0, x25, [x24, #-128]
 114:	6e695f6f 	uqrshl	v15.8h, v27.8h, v9.8h
 118:	6c007469 	stnp	d9, d29, [x3]
 11c:	6f5f6465 	sqshlu	v5.2d, v3.2d, #31
 120:	75006666 	.inst	0x75006666 ; undefined
 124:	5f747261 	sqdmlsl	s1, h19, v4.h[3]
 128:	73747570 	.inst	0x73747570 ; undefined
	...

Disassembly of section .comment:

0000000000000000 <.comment>:
   0:	3a434347 	ccmn	w26, w3, #0x7, mi	// mi = first
   4:	62552820 	.inst	0x62552820 ; undefined
   8:	75746e75 	.inst	0x75746e75 ; undefined
   c:	2e353120 	usubw	v0.8h, v9.8h, v21.8b
  10:	2d302e32 	stp	s18, s11, [x17, #-128]
  14:	62753631 	.inst	0x62753631 ; undefined
  18:	75746e75 	.inst	0x75746e75 ; undefined
  1c:	31202931 	adds	w17, w9, #0x80a
  20:	2e322e35 	uqsub	v21.8b, v17.8b, v18.8b
  24:	Address 0x24 is out of bounds.

